#
# There is insufficient memory for the Java Runtime Environment to continue.
# Native memory allocation (malloc) failed to allocate 1317616 bytes for Chunk::new
# Possible reasons:
#   The system is out of physical RAM or swap space
#   The process is running with CompressedOops enabled, and the Java Heap may be blocking the growth of the native heap
# Possible solutions:
#   Reduce memory load on the system
#   Increase physical memory or swap space
#   Check if swap backing store is full
#   Decrease Java heap size (-Xmx/-Xms)
#   Decrease number of Java threads
#   Decrease Java thread stack sizes (-Xss)
#   Set larger code cache with -XX:ReservedCodeCacheSize=
#   JVM is running with Unscaled Compressed Oops mode in which the Java heap is
#     placed in the first 4GB address space. The Java Heap base address is the
#     maximum limit for the native heap growth. Please use -XX:HeapBaseMinAddress
#     to set the Java Heap base and to place the Java Heap above 4GB virtual address.
# This output file may be truncated or incomplete.
#
#  Out of Memory Error (allocation.cpp:390), pid=17012, tid=0x0000000000003a48
#
# JRE version: Java(TM) SE Runtime Environment (8.0_201-b09) (build 1.8.0_201-b09)
# Java VM: Java HotSpot(TM) 64-Bit Server VM (25.201-b09 mixed mode windows-amd64 compressed oops)
# Failed to write core dump. Minidumps are not enabled by default on client versions of Windows
#

---------------  T H R E A D  ---------------

Current thread (0x00000000172cd000):  JavaThread "C2 CompilerThread1" daemon [_thread_in_native, id=14920, stack(0x0000000018a00000,0x0000000018b00000)]

Stack: [0x0000000018a00000,0x0000000018b00000]
[error occurred during error reporting (printing stack bounds), id 0xc0000005]

Native frames: (J=compiled Java code, j=interpreted, Vv=VM code, C=native code)


Current CompileTask:
C2:  17937 2175       4       org.hl7.fhir.r5.formats.JsonParser::parseType (5917 bytes)


---------------  P R O C E S S  ---------------

Java Threads: ( => current thread )
  0x0000000018fec000 JavaThread "logback-1" daemon [_thread_blocked, id=15948, stack(0x0000000019b40000,0x0000000019c40000)]
  0x0000000018c2e000 JavaThread "Service Thread" daemon [_thread_blocked, id=13232, stack(0x0000000019000000,0x0000000019100000)]
  0x00000000172d2000 JavaThread "C1 CompilerThread2" daemon [_thread_blocked, id=17536, stack(0x0000000018b00000,0x0000000018c00000)]
=>0x00000000172cd000 JavaThread "C2 CompilerThread1" daemon [_thread_in_native, id=14920, stack(0x0000000018a00000,0x0000000018b00000)]
  0x00000000172c3000 JavaThread "C2 CompilerThread0" daemon [_thread_blocked, id=9492, stack(0x0000000018900000,0x0000000018a00000)]
  0x00000000172c2000 JavaThread "Attach Listener" daemon [_thread_blocked, id=18444, stack(0x0000000018800000,0x0000000018900000)]
  0x00000000172c9800 JavaThread "Signal Dispatcher" daemon [_thread_blocked, id=3880, stack(0x0000000018700000,0x0000000018800000)]
  0x00000000172aa800 JavaThread "Finalizer" daemon [_thread_blocked, id=21420, stack(0x0000000018510000,0x0000000018610000)]
  0x0000000002694000 JavaThread "Reference Handler" daemon [_thread_blocked, id=17632, stack(0x0000000018410000,0x0000000018510000)]
  0x00000000025a4800 JavaThread "main" [_thread_in_Java, id=9016, stack(0x00000000024a0000,0x00000000025a0000)]

Other Threads:
  0x0000000017288000 VMThread [stack: 0x0000000018310000,0x0000000018410000] [id=18492]
  0x0000000018c31000 WatcherThread [stack: 0x0000000019100000,0x0000000019200000] [id=10524]

VM state:not at safepoint (normal execution)

VM Mutex/Monitor currently owned by a thread: None

heap address: 0x0000000080000000, size: 2048 MB, Compressed Oops mode: 32-bit
Narrow klass base: 0x0000000000000000, Narrow klass shift: 3
Compressed class space size: 1073741824 Address: 0x0000000100000000

Heap:
 PSYoungGen      total 631296K, used 261216K [0x00000000d5580000, 0x0000000100000000, 0x0000000100000000)
  eden space 563712K, 46% used [0x00000000d5580000,0x00000000e5498010,0x00000000f7c00000)
  from space 67584K, 0% used [0x00000000f7c00000,0x00000000f7c00000,0x00000000fbe00000)
  to   space 67584K, 74% used [0x00000000fbe00000,0x00000000fef17630,0x0000000100000000)
 ParOldGen       total 652288K, used 379888K [0x0000000080000000, 0x00000000a7d00000, 0x00000000d5580000)
  object space 652288K, 58% used [0x0000000080000000,0x00000000972fc160,0x00000000a7d00000)
 Metaspace       used 41542K, capacity 41851K, committed 42328K, reserved 1087488K
  class space    used 3790K, capacity 3878K, committed 3968K, reserved 1048576K

Card table byte_map: [0x0000000011a60000,0x0000000011e70000] byte_map_base: 0x0000000011660000

Marking Bits: (ParMarkBitMap*) 0x000000006b2b4ce0
 Begin Bits: [0x0000000012520000, 0x0000000014520000)
 End Bits:   [0x0000000014520000, 0x0000000016520000)

Polling page: 0x00000000022c0000

CodeCache: size=245760Kb used=12910Kb max_used=13200Kb free=232849Kb
 bounds [0x00000000026a0000, 0x00000000033a0000, 0x00000000116a0000]
 total_blobs=2945 nmethods=2502 adapters=355
 compilation: enabled

Compilation events (10 events):
Event: 17.927 Thread 0x00000000172c3000 nmethod 2922 0x0000000002f69010 code [0x0000000002f69140, 0x0000000002f69198]
Event: 17.927 Thread 0x00000000172c3000 2892       4       org.hl7.fhir.r5.model.ElementDefinition::getPath (22 bytes)
Event: 17.927 Thread 0x00000000172d2000 nmethod 2952% 0x000000000307e650 code [0x000000000307ebe0, 0x0000000003082f68]
Event: 17.927 Thread 0x00000000172d2000 2950       3       java.util.TimSort::mergeAt (358 bytes)
Event: 17.927 Thread 0x00000000172c3000 nmethod 2892 0x000000000307e350 code [0x000000000307e4a0, 0x000000000307e558]
Event: 17.927 Thread 0x00000000172c3000 2847       4       com.sun.org.apache.xerces.internal.dom.NodeImpl::isNormalized (55 bytes)
Event: 17.928 Thread 0x00000000172d2000 nmethod 2950 0x000000000308bf10 code [0x000000000308c0e0, 0x000000000308c698]
Event: 17.928 Thread 0x00000000172d2000 2951       3       java.util.TimSort::gallopLeft (335 bytes)
Event: 17.928 Thread 0x00000000172c3000 nmethod 2847 0x0000000002f06990 code [0x0000000002f06ac0, 0x0000000002f06b78]
Event: 17.928 Thread 0x00000000172c3000 2953   !   4       ca.uhn.fhir.util.ElementUtil::isEmpty (113 bytes)

GC Heap History (10 events):
Event: 11.928 GC heap before
{Heap before GC invocations=22 (full 3):
 PSYoungGen      total 645120K, used 618496K [0x00000000d5580000, 0x0000000100000000, 0x0000000100000000)
  eden space 596480K, 100% used [0x00000000d5580000,0x00000000f9c00000,0x00000000f9c00000)
  from space 48640K, 45% used [0x00000000fd080000,0x00000000fe600000,0x0000000100000000)
  to   space 51200K, 0% used [0x00000000f9c00000,0x00000000f9c00000,0x00000000fce00000)
 ParOldGen       total 376320K, used 258385K [0x0000000080000000, 0x0000000096f80000, 0x00000000d5580000)
  object space 376320K, 68% used [0x0000000080000000,0x000000008fc545f0,0x0000000096f80000)
 Metaspace       used 35801K, capacity 36081K, committed 36440K, reserved 1083392K
  class space    used 3292K, capacity 3366K, committed 3456K, reserved 1048576K
Event: 11.961 GC heap after
Heap after GC invocations=22 (full 3):
 PSYoungGen      total 640512K, used 43744K [0x00000000d5580000, 0x0000000100000000, 0x0000000100000000)
  eden space 596480K, 0% used [0x00000000d5580000,0x00000000d5580000,0x00000000f9c00000)
  from space 44032K, 99% used [0x00000000f9c00000,0x00000000fc6b8000,0x00000000fc700000)
  to   space 55296K, 0% used [0x00000000fca00000,0x00000000fca00000,0x0000000100000000)
 ParOldGen       total 376320K, used 258385K [0x0000000080000000, 0x0000000096f80000, 0x00000000d5580000)
  object space 376320K, 68% used [0x0000000080000000,0x000000008fc545f0,0x0000000096f80000)
 Metaspace       used 35801K, capacity 36081K, committed 36440K, reserved 1083392K
  class space    used 3292K, capacity 3366K, committed 3456K, reserved 1048576K
}
Event: 12.415 GC heap before
{Heap before GC invocations=23 (full 3):
 PSYoungGen      total 640512K, used 640224K [0x00000000d5580000, 0x0000000100000000, 0x0000000100000000)
  eden space 596480K, 100% used [0x00000000d5580000,0x00000000f9c00000,0x00000000f9c00000)
  from space 44032K, 99% used [0x00000000f9c00000,0x00000000fc6b8000,0x00000000fc700000)
  to   space 55296K, 0% used [0x00000000fca00000,0x00000000fca00000,0x0000000100000000)
 ParOldGen       total 376320K, used 258385K [0x0000000080000000, 0x0000000096f80000, 0x00000000d5580000)
  object space 376320K, 68% used [0x0000000080000000,0x000000008fc545f0,0x0000000096f80000)
 Metaspace       used 35865K, capacity 36145K, committed 36440K, reserved 1083392K
  class space    used 3299K, capacity 3366K, committed 3456K, reserved 1048576K
Event: 12.470 GC heap after
Heap after GC invocations=23 (full 3):
 PSYoungGen      total 619008K, used 55278K [0x00000000d5580000, 0x0000000100000000, 0x0000000100000000)
  eden space 563712K, 0% used [0x00000000d5580000,0x00000000d5580000,0x00000000f7c00000)
  from space 55296K, 99% used [0x00000000fca00000,0x00000000ffffbaf8,0x0000000100000000)
  to   space 67584K, 0% used [0x00000000f7c00000,0x00000000f7c00000,0x00000000fbe00000)
 ParOldGen       total 376320K, used 271549K [0x0000000080000000, 0x0000000096f80000, 0x00000000d5580000)
  object space 376320K, 72% used [0x0000000080000000,0x000000009092f7c0,0x0000000096f80000)
 Metaspace       used 35865K, capacity 36145K, committed 36440K, reserved 1083392K
  class space    used 3299K, capacity 3366K, committed 3456K, reserved 1048576K
}
Event: 13.023 GC heap before
{Heap before GC invocations=24 (full 3):
 PSYoungGen      total 619008K, used 618990K [0x00000000d5580000, 0x0000000100000000, 0x0000000100000000)
  eden space 563712K, 100% used [0x00000000d5580000,0x00000000f7c00000,0x00000000f7c00000)
  from space 55296K, 99% used [0x00000000fca00000,0x00000000ffffbaf8,0x0000000100000000)
  to   space 67584K, 0% used [0x00000000f7c00000,0x00000000f7c00000,0x00000000fbe00000)
 ParOldGen       total 376320K, used 271549K [0x0000000080000000, 0x0000000096f80000, 0x00000000d5580000)
  object space 376320K, 72% used [0x0000000080000000,0x000000009092f7c0,0x0000000096f80000)
 Metaspace       used 35920K, capacity 36145K, committed 36440K, reserved 1083392K
  class space    used 3300K, capacity 3366K, committed 3456K, reserved 1048576K
Event: 13.123 GC heap after
Heap after GC invocations=24 (full 3):
 PSYoungGen      total 631296K, used 67571K [0x00000000d5580000, 0x0000000100000000, 0x0000000100000000)
  eden space 563712K, 0% used [0x00000000d5580000,0x00000000d5580000,0x00000000f7c00000)
  from space 67584K, 99% used [0x00000000f7c00000,0x00000000fbdfcfc8,0x00000000fbe00000)
  to   space 67584K, 0% used [0x00000000fbe00000,0x00000000fbe00000,0x0000000100000000)
 ParOldGen       total 376320K, used 311629K [0x0000000080000000, 0x0000000096f80000, 0x00000000d5580000)
  object space 376320K, 82% used [0x0000000080000000,0x00000000930537e0,0x0000000096f80000)
 Metaspace       used 35920K, capacity 36145K, committed 36440K, reserved 1083392K
  class space    used 3300K, capacity 3366K, committed 3456K, reserved 1048576K
}
Event: 13.512 GC heap before
{Heap before GC invocations=25 (full 3):
 PSYoungGen      total 631296K, used 631283K [0x00000000d5580000, 0x0000000100000000, 0x0000000100000000)
  eden space 563712K, 100% used [0x00000000d5580000,0x00000000f7c00000,0x00000000f7c00000)
  from space 67584K, 99% used [0x00000000f7c00000,0x00000000fbdfcfc8,0x00000000fbe00000)
  to   space 67584K, 0% used [0x00000000fbe00000,0x00000000fbe00000,0x0000000100000000)
 ParOldGen       total 376320K, used 311629K [0x0000000080000000, 0x0000000096f80000, 0x00000000d5580000)
  object space 376320K, 82% used [0x0000000080000000,0x00000000930537e0,0x0000000096f80000)
 Metaspace       used 35920K, capacity 36145K, committed 36440K, reserved 1083392K
  class space    used 3300K, capacity 3366K, committed 3456K, reserved 1048576K
Event: 13.758 GC heap after
Heap after GC invocations=25 (full 3):
 PSYoungGen      total 631296K, used 631283K [0x00000000d5580000, 0x0000000100000000, 0x0000000100000000)
  eden space 563712K, 100% used [0x00000000d5580000,0x00000000f7c00000,0x00000000f7c00000)
  from space 67584K, 99% used [0x00000000f7c00000,0x00000000fbdfcfc8,0x00000000fbe00000)
  to   space 67584K, 81% used [0x00000000fbe00000,0x00000000ff3be370,0x0000000100000000)
 ParOldGen       total 379904K, used 379483K [0x0000000080000000, 0x0000000097300000, 0x00000000d5580000)
  object space 379904K, 99% used [0x0000000080000000,0x0000000097296e40,0x0000000097300000)
 Metaspace       used 35920K, capacity 36145K, committed 36440K, reserved 1083392K
  class space    used 3300K, capacity 3366K, committed 3456K, reserved 1048576K
}
Event: 13.758 GC heap before
{Heap before GC invocations=26 (full 4):
 PSYoungGen      total 631296K, used 631283K [0x00000000d5580000, 0x0000000100000000, 0x0000000100000000)
  eden space 563712K, 100% used [0x00000000d5580000,0x00000000f7c00000,0x00000000f7c00000)
  from space 67584K, 99% used [0x00000000f7c00000,0x00000000fbdfcfc8,0x00000000fbe00000)
  to   space 67584K, 81% used [0x00000000fbe00000,0x00000000ff3be370,0x0000000100000000)
 ParOldGen       total 379904K, used 379483K [0x0000000080000000, 0x0000000097300000, 0x00000000d5580000)
  object space 379904K, 99% used [0x0000000080000000,0x0000000097296e40,0x0000000097300000)
 Metaspace       used 35920K, capacity 36145K, committed 36440K, reserved 1083392K
  class space    used 3300K, capacity 3366K, committed 3456K, reserved 1048576K
Event: 15.035 GC heap after
Heap after GC invocations=26 (full 4):
 PSYoungGen      total 631296K, used 0K [0x00000000d5580000, 0x0000000100000000, 0x0000000100000000)
  eden space 563712K, 0% used [0x00000000d5580000,0x00000000d5580000,0x00000000f7c00000)
  from space 67584K, 0% used [0x00000000f7c00000,0x00000000f7c00000,0x00000000fbe00000)
  to   space 67584K, 74% used [0x00000000fbe00000,0x00000000fef17630,0x0000000100000000)
 ParOldGen       total 652288K, used 379888K [0x0000000080000000, 0x00000000a7d00000, 0x00000000d5580000)
  object space 652288K, 58% used [0x0000000080000000,0x00000000972fc160,0x00000000a7d00000)
 Metaspace       used 35920K, capacity 36145K, committed 36440K, reserved 1083392K
  class space    used 3300K, capacity 3366K, committed 3456K, reserved 1048576K
}

Deoptimization events (10 events):
Event: 16.415 Thread 0x00000000025a4800 Uncommon trap: reason=class_check action=maybe_recompile pc=0x00000000029296a4 method=java.util.regex.Pattern$Curly.match(Ljava/util/regex/Matcher;ILjava/lang/CharSequence;)Z @ 19
Event: 16.509 Thread 0x00000000025a4800 Uncommon trap: reason=predicate action=maybe_recompile pc=0x0000000002bda63c method=java.util.ArrayList.indexOf(Ljava/lang/Object;)I @ 44
Event: 16.541 Thread 0x00000000025a4800 Uncommon trap: reason=unstable_if action=reinterpret pc=0x00000000028d4410 method=org.hl7.fhir.r5.model.PrimitiveType.isEmpty()Z @ 4
Event: 17.245 Thread 0x00000000025a4800 Uncommon trap: reason=unstable_if action=reinterpret pc=0x000000000290e788 method=java.lang.CharacterDataLatin1.digit(II)I @ 82
Event: 17.256 Thread 0x00000000025a4800 Uncommon trap: reason=predicate action=maybe_recompile pc=0x0000000002bd8308 method=java.util.ArrayList.indexOf(Ljava/lang/Object;)I @ 44
Event: 17.316 Thread 0x00000000025a4800 Uncommon trap: reason=bimorphic action=maybe_recompile pc=0x0000000002e87994 method=java.util.regex.Pattern$Start.<init>(Ljava/util/regex/Pattern$Node;)V @ 22
Event: 17.495 Thread 0x00000000025a4800 Uncommon trap: reason=class_check action=maybe_recompile pc=0x00000000029296a4 method=java.util.regex.Pattern$Curly.match(Ljava/util/regex/Matcher;ILjava/lang/CharSequence;)Z @ 19
Event: 17.496 Thread 0x00000000025a4800 Uncommon trap: reason=class_check action=maybe_recompile pc=0x00000000029296a4 method=java.util.regex.Pattern$Curly.match(Ljava/util/regex/Matcher;ILjava/lang/CharSequence;)Z @ 19
Event: 17.738 Thread 0x00000000025a4800 Uncommon trap: reason=unstable_if action=reinterpret pc=0x0000000002f6ab2c method=com.sun.org.apache.xerces.internal.impl.XMLEntityScanner.scanContent(Lcom/sun/org/apache/xerces/internal/xni/XMLString;)I @ 418
Event: 17.848 Thread 0x00000000025a4800 Uncommon trap: reason=unstable_if action=reinterpret pc=0x0000000002b429f0 method=com.sun.org.apache.xerces.internal.impl.XMLEntityScanner.skipSpaces()Z @ 14

Classes redefined (0 events):
No events

Internal exceptions (10 events):
Event: 17.848 Thread 0x00000000025a4800 Exception <a 'java/lang/ClassCastException'> (0x00000000e331cc48) thrown at [C:\re\workspace\8-2-build-windows-amd64-cygwin\jdk8u201\12322\hotspot\src\share\vm\runtime\sharedRuntime.cpp, line 605]
Event: 17.848 Thread 0x00000000025a4800 Exception <a 'java/lang/ClassCastException'> (0x00000000e331d378) thrown at [C:\re\workspace\8-2-build-windows-amd64-cygwin\jdk8u201\12322\hotspot\src\share\vm\runtime\sharedRuntime.cpp, line 605]
Event: 17.848 Thread 0x00000000025a4800 Exception <a 'java/lang/ClassCastException'> (0x00000000e331dcf0) thrown at [C:\re\workspace\8-2-build-windows-amd64-cygwin\jdk8u201\12322\hotspot\src\share\vm\runtime\sharedRuntime.cpp, line 605]
Event: 17.848 Thread 0x00000000025a4800 Exception <a 'java/lang/ClassCastException'> (0x00000000e331e758) thrown at [C:\re\workspace\8-2-build-windows-amd64-cygwin\jdk8u201\12322\hotspot\src\share\vm\runtime\sharedRuntime.cpp, line 605]
Event: 17.848 Thread 0x00000000025a4800 Exception <a 'java/lang/ClassCastException'> (0x00000000e331ef30) thrown at [C:\re\workspace\8-2-build-windows-amd64-cygwin\jdk8u201\12322\hotspot\src\share\vm\runtime\sharedRuntime.cpp, line 605]
Event: 17.848 Thread 0x00000000025a4800 Exception <a 'java/lang/ClassCastException'> (0x00000000e331f990) thrown at [C:\re\workspace\8-2-build-windows-amd64-cygwin\jdk8u201\12322\hotspot\src\share\vm\runtime\sharedRuntime.cpp, line 605]
Event: 17.848 Thread 0x00000000025a4800 Exception <a 'java/lang/ClassCastException'> (0x00000000e3320458) thrown at [C:\re\workspace\8-2-build-windows-amd64-cygwin\jdk8u201\12322\hotspot\src\share\vm\runtime\sharedRuntime.cpp, line 605]
Event: 17.848 Thread 0x00000000025a4800 Exception <a 'java/lang/ClassCastException'> (0x00000000e3320b88) thrown at [C:\re\workspace\8-2-build-windows-amd64-cygwin\jdk8u201\12322\hotspot\src\share\vm\runtime\sharedRuntime.cpp, line 605]
Event: 17.848 Thread 0x00000000025a4800 Exception <a 'java/lang/ClassCastException'> (0x00000000e33212a8) thrown at [C:\re\workspace\8-2-build-windows-amd64-cygwin\jdk8u201\12322\hotspot\src\share\vm\runtime\sharedRuntime.cpp, line 605]
Event: 17.848 Thread 0x00000000025a4800 Exception <a 'java/lang/ClassCastException'> (0x00000000e33219c8) thrown at [C:\re\workspace\8-2-build-windows-amd64-cygwin\jdk8u201\12322\hotspot\src\share\vm\runtime\sharedRuntime.cpp, line 605]

Events (10 events):
Event: 17.853 Thread 0x00000000172d2000 flushing nmethod 0x0000000003001a50
Event: 17.853 Thread 0x00000000172d2000 flushing nmethod 0x0000000003002c50
Event: 17.853 Thread 0x00000000172d2000 flushing nmethod 0x0000000003013a10
Event: 17.853 Thread 0x00000000172d2000 flushing nmethod 0x000000000302e110
Event: 17.853 Thread 0x00000000172d2000 flushing nmethod 0x000000000307ef50
Event: 17.853 Thread 0x00000000172d2000 flushing nmethod 0x0000000003096810
Event: 17.853 Thread 0x00000000172d2000 flushing nmethod 0x00000000030cb3d0
Event: 17.853 Thread 0x00000000172d2000 flushing nmethod 0x00000000030fcc90
Event: 17.854 Thread 0x00000000172d2000 flushing nmethod 0x00000000031107d0
Event: 17.854 Thread 0x00000000172d2000 flushing nmethod 0x0000000003172310


Dynamic libraries:
0x00007ff6669b0000 - 0x00007ff6669e7000 	C:\Program Files\Java\jre1.8.0_201\bin\java.exe
0x00007fff369c0000 - 0x00007fff36ba1000 	C:\WINDOWS\SYSTEM32\ntdll.dll
0x00007fff36600000 - 0x00007fff366b1000 	C:\WINDOWS\System32\KERNEL32.DLL
0x00007fff33bd0000 - 0x00007fff33e43000 	C:\WINDOWS\System32\KERNELBASE.dll
0x00007fff35ed0000 - 0x00007fff35f71000 	C:\WINDOWS\System32\ADVAPI32.dll
0x00007fff35a80000 - 0x00007fff35b1e000 	C:\WINDOWS\System32\msvcrt.dll
0x00007fff367d0000 - 0x00007fff3682b000 	C:\WINDOWS\System32\sechost.dll
0x00007fff35c20000 - 0x00007fff35d44000 	C:\WINDOWS\System32\RPCRT4.dll
0x00007fff35f80000 - 0x00007fff36110000 	C:\WINDOWS\System32\USER32.dll
0x00007fff32e30000 - 0x00007fff32e50000 	C:\WINDOWS\System32\win32u.dll
0x00007fff33e90000 - 0x00007fff33eb8000 	C:\WINDOWS\System32\GDI32.dll
0x00007fff336e0000 - 0x00007fff33871000 	C:\WINDOWS\System32\gdi32full.dll
0x00007fff32d90000 - 0x00007fff32e2f000 	C:\WINDOWS\System32\msvcp_win.dll
0x00007fff338e0000 - 0x00007fff339d8000 	C:\WINDOWS\System32\ucrtbase.dll
0x00007fff20000000 - 0x00007fff20269000 	C:\WINDOWS\WinSxS\amd64_microsoft.windows.common-controls_6595b64144ccf1df_6.0.17134.885_none_fb42a3473065565f\COMCTL32.dll
0x00007fff35450000 - 0x00007fff35772000 	C:\WINDOWS\System32\combase.dll
0x00007fff33560000 - 0x00007fff335d9000 	C:\WINDOWS\System32\bcryptPrimitives.dll
0x00007fff33e50000 - 0x00007fff33e7d000 	C:\WINDOWS\System32\IMM32.DLL
0x000000006b340000 - 0x000000006b411000 	C:\Program Files\Java\jre1.8.0_201\bin\msvcr100.dll
0x000000006aa90000 - 0x000000006b334000 	C:\Program Files\Java\jre1.8.0_201\bin\server\jvm.dll
0x00007fff33e80000 - 0x00007fff33e88000 	C:\WINDOWS\System32\PSAPI.DLL
0x00007fff1e960000 - 0x00007fff1e969000 	C:\WINDOWS\SYSTEM32\WSOCK32.dll
0x00007fff1e550000 - 0x00007fff1e55a000 	C:\WINDOWS\SYSTEM32\VERSION.dll
0x00007fff28c90000 - 0x00007fff28cb3000 	C:\WINDOWS\SYSTEM32\WINMM.dll
0x00007fff36920000 - 0x00007fff3698c000 	C:\WINDOWS\System32\WS2_32.dll
0x00007fff28c60000 - 0x00007fff28c8a000 	C:\WINDOWS\SYSTEM32\WINMMBASE.dll
0x00007fff33690000 - 0x00007fff336d9000 	C:\WINDOWS\System32\cfgmgr32.dll
0x00007fff2d1c0000 - 0x00007fff2d1cf000 	C:\Program Files\Java\jre1.8.0_201\bin\verify.dll
0x00007fff2b8a0000 - 0x00007fff2b8c9000 	C:\Program Files\Java\jre1.8.0_201\bin\java.dll
0x00007fff2d120000 - 0x00007fff2d136000 	C:\Program Files\Java\jre1.8.0_201\bin\zip.dll
0x00007fff34000000 - 0x00007fff35440000 	C:\WINDOWS\System32\SHELL32.dll
0x00007fff36720000 - 0x00007fff367c9000 	C:\WINDOWS\System32\shcore.dll
0x00007fff32e50000 - 0x00007fff3355d000 	C:\WINDOWS\System32\windows.storage.dll
0x00007fff35b20000 - 0x00007fff35b71000 	C:\WINDOWS\System32\shlwapi.dll
0x00007fff32d30000 - 0x00007fff32d41000 	C:\WINDOWS\System32\kernel.appcore.dll
0x00007fff32d50000 - 0x00007fff32d6f000 	C:\WINDOWS\System32\profapi.dll
0x00007fff32ce0000 - 0x00007fff32d2c000 	C:\WINDOWS\System32\powrprof.dll
0x00007fff32cd0000 - 0x00007fff32cda000 	C:\WINDOWS\System32\FLTLIB.DLL
0x00007fff2ae70000 - 0x00007fff2ae94000 	C:\Program Files\Java\jre1.8.0_201\bin\sunec.dll
0x00007fff2c320000 - 0x00007fff2c33a000 	C:\Program Files\Java\jre1.8.0_201\bin\net.dll
0x00007fff279e0000 - 0x00007fff27ba9000 	C:\WINDOWS\SYSTEM32\urlmon.dll
0x00007fff250d0000 - 0x00007fff25376000 	C:\WINDOWS\SYSTEM32\iertutil.dll
0x00007fff32720000 - 0x00007fff3272b000 	C:\WINDOWS\SYSTEM32\CRYPTBASE.DLL
0x00007fff32550000 - 0x00007fff325b6000 	C:\WINDOWS\system32\mswsock.dll
0x00007fff322e0000 - 0x00007fff32318000 	C:\WINDOWS\SYSTEM32\IPHLPAPI.DLL
0x00007fff33ec0000 - 0x00007fff33ec8000 	C:\WINDOWS\System32\NSI.dll
0x00007fff2c4c0000 - 0x00007fff2c4d6000 	C:\WINDOWS\SYSTEM32\dhcpcsvc6.DLL
0x00007fff2c350000 - 0x00007fff2c36a000 	C:\WINDOWS\SYSTEM32\dhcpcsvc.DLL
0x00007fff2b880000 - 0x00007fff2b891000 	C:\Program Files\Java\jre1.8.0_201\bin\nio.dll
0x00007fff32700000 - 0x00007fff32717000 	C:\WINDOWS\SYSTEM32\CRYPTSP.dll
0x00007fff32140000 - 0x00007fff32173000 	C:\WINDOWS\system32\rsaenh.dll
0x00007fff32830000 - 0x00007fff32855000 	C:\WINDOWS\SYSTEM32\bcrypt.dll
0x00007fff32c00000 - 0x00007fff32c28000 	C:\WINDOWS\SYSTEM32\USERENV.dll
0x00007fff2d1b0000 - 0x00007fff2d1bb000 	C:\Program Files\Java\jre1.8.0_201\bin\sunmscapi.dll
0x00007fff339e0000 - 0x00007fff33bc2000 	C:\WINDOWS\System32\CRYPT32.dll
0x00007fff32d70000 - 0x00007fff32d82000 	C:\WINDOWS\System32\MSASN1.dll
0x00007fff32320000 - 0x00007fff323de000 	C:\WINDOWS\SYSTEM32\DNSAPI.dll
0x00007fff28d80000 - 0x00007fff28d8a000 	C:\Windows\System32\rasadhlp.dll
0x00007fff28d90000 - 0x00007fff28e02000 	C:\WINDOWS\System32\fwpuclnt.dll

VM Arguments:
jvm_args: -Dfile.encoding=UTF-8 -Dfile.encoding=UTF-8 -Xmx2048m 
java_command: C:\HL7\BEFHIR\publish\src-generated\org.hl7.fhir.publisher.jar -ig C:\HL7\BEFHIR\publish/src-generated/befhir.json
java_class_path (initial): C:\HL7\BEFHIR\publish\src-generated\org.hl7.fhir.publisher.jar
Launcher Type: SUN_STANDARD

Environment Variables:
JAVA_HOME=C:\Program Files\Java\jdk1.8.0_172
JAVA_TOOL_OPTIONS=-Dfile.encoding=UTF-8
USERNAME=Jose
OS=Windows_NT
PROCESSOR_IDENTIFIER=Intel64 Family 6 Model 142 Stepping 9, GenuineIntel



---------------  S Y S T E M  ---------------

OS: Windows 10.0 , 64 bit Build 17134 (10.0.17134.753)

CPU:total 4 (initial active 4) (2 cores per cpu, 2 threads per core) family 6 model 142 stepping 9, cmov, cx8, fxsr, mmx, sse, sse2, sse3, ssse3, sse4.1, sse4.2, popcnt, avx, avx2, aes, clmul, erms, 3dnowpref, lzcnt, ht, tsc, tscinvbit, bmi1, bmi2, adx

Memory: 4k page, physical 15103220k(2477964k free), swap 19297524k(4648k free)

vm_info: Java HotSpot(TM) 64-Bit Server VM (25.201-b09) for windows-amd64 JRE (1.8.0_201-b09), built on Dec 15 2018 18:36:39 by "java_re" with MS VC++ 10.0 (VS2010)

time: Thu Jul 11 17:17:23 2019
timezone: Romance Summer Time
elapsed time: 17 seconds (0d 0h 0m 17s)

